0 info it worked if it ends with ok
1 verbose cli [ 'C:\\Program Files\\nodejs\\node.exe',
1 verbose cli   'C:\\Users\\Miguel\\AppData\\Roaming\\npm\\node_modules\\npm\\bin\\npm-cli.js',
1 verbose cli   'test' ]
2 info using npm@3.10.10
3 info using node@v10.16.0
4 verbose run-script [ 'pretest', 'test', 'posttest' ]
5 info lifecycle Groups-Kata-Client@0.0.1~pretest: Groups-Kata-Client@0.0.1
6 silly lifecycle Groups-Kata-Client@0.0.1~pretest: no script for pretest, continuing
7 info lifecycle Groups-Kata-Client@0.0.1~test: Groups-Kata-Client@0.0.1
8 verbose lifecycle Groups-Kata-Client@0.0.1~test: unsafe-perm in lifecycle true
9 verbose lifecycle Groups-Kata-Client@0.0.1~test: PATH: C:\Users\Miguel\AppData\Roaming\npm\node_modules\npm\bin\node-gyp-bin;C:\Users\Miguel\Documents\GitHub\kata_induccion\client\node_modules\.bin;C:\ProgramData\DockerDesktop\version-bin;C:\Program Files\Docker\Docker\Resources\bin;C:\Program Files (x86)\Common Files\Oracle\Java\javapath;C:\WINDOWS\system32;C:\WINDOWS;C:\WINDOWS\System32\Wbem;C:\WINDOWS\System32\WindowsPowerShell\v1.0\;C:\WINDOWS\System32\OpenSSH\;C:\Program Files\dotnet\;C:\Program Files\Microsoft SQL Server\130\Tools\Binn\;C:\Program Files\Microsoft SQL Server\Client SDK\ODBC\170\Tools\Binn\;C:\Program Files\Git\cmd;C:\Program Files\Microsoft SQL Server\Client SDK\ODBC\130\Tools\Binn\;C:\Program Files (x86)\Microsoft SQL Server\140\Tools\Binn\;C:\Program Files\Microsoft SQL Server\140\Tools\Binn\;C:\Program Files\Microsoft SQL Server\140\DTS\Binn\;C:\Program Files (x86)\Microsoft SQL Server\150\DTS\Binn\;C:\Program Files\NVIDIA Corporation\NVIDIA NvDLISR;C:\Program Files\nodejs\;C:\Program Files (x86)\NVIDIA Corporation\PhysX\Common;C:\Program Files (x86)\Yarn\bin\;C:\Program Files\PuTTY\;C:\xampp\php;C:\ProgramData\ComposerSetup\bin;C:\Program Files\Java;C:\Program Files\Intel\WiFi\bin\;C:\Program Files\Common Files\Intel\WirelessCommon\;C:\Program Files\Java\jdk1.8.0_221\bin;C:\Program Files\Java\jdk1.8.0_221\bin;C:\Program Files\Java\jdk1.8.0_221\bin;C:\Program Files (x86)\Intel\Intel(R) Management Engine Components\DAL;C:\Program Files\Intel\Intel(R) Management Engine Components\DAL;C:\Users\Miguel\AppData\Local\Microsoft\WindowsApps;C:\Users\Miguel\AppData\Local\GitHubDesktop\bin;C:\Users\Miguel\AppData\Roaming\npm;C:\Users\Miguel\AppData\Local\Yarn\bin;C:\Users\Miguel\AppData\Roaming\Composer\vendor\bin
10 verbose lifecycle Groups-Kata-Client@0.0.1~test: CWD: C:\Users\Miguel\Documents\GitHub\kata_induccion\client
11 silly lifecycle Groups-Kata-Client@0.0.1~test: Args: [ '/d /s /c', 'karma start' ]
12 verbose stack Error: kill ENOSYS
12 verbose stack     at process.kill (internal/process/per_thread.js:198:13)
12 verbose stack     at process.listener (C:\Users\Miguel\AppData\Roaming\npm\node_modules\npm\node_modules\npmlog\node_modules\gauge\node_modules\signal-exit\index.js:86:15)
12 verbose stack     at process.emit (events.js:203:15)
13 verbose cwd C:\Users\Miguel\Documents\GitHub\kata_induccion\client
14 error Windows_NT 10.0.18363
15 error argv "C:\\Program Files\\nodejs\\node.exe" "C:\\Users\\Miguel\\AppData\\Roaming\\npm\\node_modules\\npm\\bin\\npm-cli.js" "test"
16 error node v10.16.0
17 error npm  v3.10.10
18 error code ENOSYS
19 error errno ENOSYS
20 error syscall kill
21 error kill ENOSYS
22 error If you need help, you may report this error at:
22 error     <https://github.com/npm/npm/issues>
23 verbose exit [ 1, true ]
